<?xml version="1.0" encoding="UTF-8"?>
<testsuite xmlns:xsi="http://www.w3.org/2001/XMLSchema-instance" xsi:noNamespaceSchemaLocation="https://maven.apache.org/surefire/maven-surefire-plugin/xsd/surefire-test-report.xsd" version="3.0.2" name="com.prueba.tareas.service.TaskServiceImplTest" time="0.222" tests="11" errors="0" skipped="0" failures="0">
  <properties>
[...]
</properties>
  <testcase name="updateTask_ShouldReturnUpdatedTaskDTO" classname="com.prueba.tareas.service.TaskServiceImplTest" time="0.174"/>
  <testcase name="deleteTask_WhenTaskNotFound_ShouldThrowException" classname="com.prueba.tareas.service.TaskServiceImplTest" time="0.0"/>
  <testcase name="createTask_ShouldReturnTaskDTO" classname="com.prueba.tareas.service.TaskServiceImplTest" time="0.009"/>
  <testcase name="findByEstadoAndPrioridad_ForAdminUser_ShouldReturnFilteredTasks" classname="com.prueba.tareas.service.TaskServiceImplTest" time="0.007"/>
  <testcase name="getAllTasks_ForAdminUser_ShouldReturnAllTasks" classname="com.prueba.tareas.service.TaskServiceImplTest" time="0.0"/>
  <testcase name="mapToDTO_ShouldConvertEntityToDTO" classname="com.prueba.tareas.service.TaskServiceImplTest" time="0.016"/>
  <testcase name="deleteTask_ShouldCallRepositoryDelete" classname="com.prueba.tareas.service.TaskServiceImplTest" time="0.0"/>
  <testcase name="findByEstadoAndPrioridad_ForRegularUser_ShouldReturnUserFilteredTasks" classname="com.prueba.tareas.service.TaskServiceImplTest" time="0.0"/>
  <testcase name="getAllTasks_ForRegularUser_ShouldReturnUserTasks" classname="com.prueba.tareas.service.TaskServiceImplTest" time="0.0"/>
  <testcase name="updateTask_WhenTaskNotFound_ShouldThrowException" classname="com.prueba.tareas.service.TaskServiceImplTest" time="0.0"/>
  <testcase name="mapToEntity_ShouldConvertDTOToEntity" classname="com.prueba.tareas.service.TaskServiceImplTest" time="0.016"/>
</testsuite>